<?xml version="1.0" encoding="UTF-8"?>
<testsuite xmlns:xsi="http://www.w3.org/2001/XMLSchema-instance" xsi:noNamespaceSchemaLocation="https://maven.apache.org/surefire/maven-surefire-plugin/xsd/surefire-test-report-3.0.xsd" version="3.0" name="TestSuite" time="637.322" tests="10" errors="0" skipped="2" failures="1">
  <properties>
[...]
</properties>
  <testcase name="tagtesting[https://www.sayastudio.ae/, google tag, G-GX9QK1QG7B](1)" classname="TestCases.tagtest" time="77.963">
    <system-out><![CDATA[deleted
File created: Tue-Sep-24-16-30-11-IST-2024.html
??????????????created successfullyD:\Automation\GoogleTags\Reports\Tue-Sep-24-16-30-11-IST-2024.html.html
row no7







Website is:https://www.sayastudio.ae/
tagtype is:google tag
Code is:G-GX9QK1QG7B
[c0714e22-f6cb-4df9-9afb-e11e62b4a0b2, 31017f09-6fee-460b-a133-99d9b8e904bc]
child31017f09-6fee-460b-a133-99d9b8e904bc
current31017f09-6fee-460b-a133-99d9b8e904bc
text isSee possible reasons why
number is5
tag text isGTM-WGH4KFZM
]]></system-out>
    <system-err><![CDATA[SLF4J: Failed to load class "org.slf4j.impl.StaticLoggerBinder".
SLF4J: Defaulting to no-operation (NOP) logger implementation
SLF4J: See http://www.slf4j.org/codes.html#StaticLoggerBinder for further details.
ERROR StatusLogger Log4j2 could not find a logging implementation. Please add log4j-core to the classpath. Using SimpleLogger to log to the console...
]]></system-err>
  </testcase>
  <testcase name="tagtesting[https://www.liquidz.com.hk/, google tag, G-7TFPY3J2DE](2)" classname="TestCases.tagtest" time="69.854">
    <system-out><![CDATA[Website is:https://www.liquidz.com.hk/
tagtype is:google tag
Code is:G-7TFPY3J2DE
[647e5cfb-40e7-42c8-b8de-69ea4404a448, 5f652307-7238-41bb-94d3-3601ae6d4369]
child5f652307-7238-41bb-94d3-3601ae6d4369
current5f652307-7238-41bb-94d3-3601ae6d4369
text isSee possible reasons why
number is5
tag text isGTM-TSHSWL
]]></system-out>
  </testcase>
  <testcase name="tagtesting[https://www.leadsnursery.com/, google tag, G-2Y8JNV0SZV](3)" classname="TestCases.tagtest" time="69.519">
    <system-out><![CDATA[Website is:https://www.leadsnursery.com/
tagtype is:google tag
Code is:G-2Y8JNV0SZV
[37b031e8-f5d4-4a6d-9321-a31846946b5a, 34e3faa0-7864-4e77-9d86-5517d4ee6580]
child34e3faa0-7864-4e77-9d86-5517d4ee6580
current34e3faa0-7864-4e77-9d86-5517d4ee6580
text isSee possible reasons why
number is3
tag text isGTM-5RZFXLX
]]></system-out>
  </testcase>
  <testcase name="tagtesting[https://castelbel.hk/, google tag, G-JV8HRD5LHW](4)" classname="TestCases.tagtest" time="72.255">
    <system-out><![CDATA[Website is:https://castelbel.hk/
tagtype is:google tag
Code is:G-JV8HRD5LHW
[5281c821-d95b-479e-91c6-a1fb133d6bb8, c0e981c7-e27c-4dcf-b760-3447ecc7b9d7]
childc0e981c7-e27c-4dcf-b760-3447ecc7b9d7
currentc0e981c7-e27c-4dcf-b760-3447ecc7b9d7
text isSee possible reasons why
number is3
tag text isGTM-WV54F6S
]]></system-out>
  </testcase>
  <testcase name="tagtesting[https://www.gdata.in/, google tag, G-5FG1J90486](5)" classname="TestCases.tagtest" time="69.359">
    <system-out><![CDATA[Website is:https://www.gdata.in/
tagtype is:google tag
Code is:G-5FG1J90486
[ea826a83-68f3-4d69-a557-59cc8bf090c6, 4bcbadf6-df34-4580-b63a-63aa54cf93aa]
child4bcbadf6-df34-4580-b63a-63aa54cf93aa
current4bcbadf6-df34-4580-b63a-63aa54cf93aa
text isThe connected debug window has been closed. To continue debugging, reopen the window.
number is3
tag text isGTM-WKLN4BF
]]></system-out>
  </testcase>
  <testcase name="tagtesting[https://www.fuchsiame.com/, google tag, GTM-KXJVNL5](6)" classname="TestCases.tagtest" time="69.933">
    <system-out><![CDATA[Website is:https://www.fuchsiame.com/
tagtype is:google tag
Code is:GTM-KXJVNL5
[00180663-ef4e-4ff6-b13c-91b9594e6d66, 333430ed-8ca7-4f22-87ec-3dca6cd320d5]
child333430ed-8ca7-4f22-87ec-3dca6cd320d5
current333430ed-8ca7-4f22-87ec-3dca6cd320d5
text isThe connected debug window has been closed. To continue debugging, reopen the window.
]]></system-out>
  </testcase>
  <testcase name="tagtesting[https://www.allrefrigerants.com/, google tag, G-ZQ08J2KHQ9](7)" classname="TestCases.tagtest" time="0">
    <skipped message="expected [G-ZQ08J2KHQ9] but found []"/>
    <system-out><![CDATA[Website is:https://www.allrefrigerants.com/
tagtype is:google tag
Code is:G-ZQ08J2KHQ9
[897c2a32-82f1-49a7-9cd6-d098ecf8c698, 87714d19-f432-4af3-91a5-3bc5b7ffed1a]
child87714d19-f432-4af3-91a5-3bc5b7ffed1a
current87714d19-f432-4af3-91a5-3bc5b7ffed1a
text isSee possible reasons why
number is1
tag text isUA-64352391-1
1
]]></system-out>
  </testcase>
  <testcase name="tagtesting[https://www.allrefrigerants.com/, google tag, G-ZQ08J2KHQ9](8)" classname="TestCases.tagtest" time="0">
    <skipped message="expected [G-ZQ08J2KHQ9] but found []"/>
    <system-out><![CDATA[Website is:https://www.allrefrigerants.com/
tagtype is:google tag
Code is:G-ZQ08J2KHQ9
[3e7f3c74-a107-42b2-bf00-b1bf5c385953, 9645f8f1-63ae-4105-b2f8-cc8852dbe07b]
child9645f8f1-63ae-4105-b2f8-cc8852dbe07b
current9645f8f1-63ae-4105-b2f8-cc8852dbe07b
text isSee possible reasons why
number is1
tag text isUA-64352391-1
1
]]></system-out>
  </testcase>
  <testcase name="tagtesting[https://www.allrefrigerants.com/, google tag, G-ZQ08J2KHQ9](9)" classname="TestCases.tagtest" time="68.924">
    <system-out><![CDATA[Website is:https://www.allrefrigerants.com/
tagtype is:google tag
Code is:G-ZQ08J2KHQ9
[41383df0-f9d7-4556-a424-e464b6dd4b47, 8277f0c4-fd3d-4c98-ad43-56d7294c3588]
child8277f0c4-fd3d-4c98-ad43-56d7294c3588
current8277f0c4-fd3d-4c98-ad43-56d7294c3588
text isSee possible reasons why
number is3
tag text isGTM-MC334VD
]]></system-out>
  </testcase>
  <testcase name="close" classname="TestCases.tagtest" time="68.962">
    <failure message="Session ID is null. Using WebDriver after calling quit()?&#10;Build info: version: &apos;4.19.1&apos;, revision: &apos;abe0ee07dc&apos;&#10;System info: os.name: &apos;Windows 11&apos;, os.arch: &apos;amd64&apos;, os.version: &apos;10.0&apos;, java.version: &apos;21.0.2&apos;&#10;Driver info: org.openqa.selenium.firefox.FirefoxDriver&#10;Command: [null, close {}]&#10;Capabilities {acceptInsecureCerts: true, browserName: firefox, browserVersion: 130.0.1, moz:accessibilityChecks: false, moz:buildID: 20240913135723, moz:geckodriverVersion: 0.34.0, moz:headless: false, moz:platformVersion: 10.0, moz:processID: 23400, moz:profile: C:\Users\teste\AppData\Loca..., moz:shutdownTimeout: 60000, moz:webdriverClick: true, moz:windowless: false, pageLoadStrategy: normal, platformName: windows, proxy: Proxy(), setWindowRect: true, strictFileInteractability: false, timeouts: {implicit: 0, pageLoad: 300000, script: 30000}, unhandledPromptBehavior: dismiss and notify, userAgent: Mozilla/5.0 (Windows NT 10....}" type="org.openqa.selenium.NoSuchSessionException"><![CDATA[org.openqa.selenium.NoSuchSessionException: 
Session ID is null. Using WebDriver after calling quit()?
Build info: version: '4.19.1', revision: 'abe0ee07dc'
System info: os.name: 'Windows 11', os.arch: 'amd64', os.version: '10.0', java.version: '21.0.2'
Driver info: org.openqa.selenium.firefox.FirefoxDriver
Command: [null, close {}]
Capabilities {acceptInsecureCerts: true, browserName: firefox, browserVersion: 130.0.1, moz:accessibilityChecks: false, moz:buildID: 20240913135723, moz:geckodriverVersion: 0.34.0, moz:headless: false, moz:platformVersion: 10.0, moz:processID: 23400, moz:profile: C:\Users\teste\AppData\Loca..., moz:shutdownTimeout: 60000, moz:webdriverClick: true, moz:windowless: false, pageLoadStrategy: normal, platformName: windows, proxy: Proxy(), setWindowRect: true, strictFileInteractability: false, timeouts: {implicit: 0, pageLoad: 300000, script: 30000}, unhandledPromptBehavior: dismiss and notify, userAgent: Mozilla/5.0 (Windows NT 10....}
	at TestCases.tagtest.close(tagtest.java:200)
]]></failure>
  </testcase>
</testsuite>